{
  "stats": {
    "suites": 1,
    "tests": 1,
    "passes": 1,
    "pending": 0,
    "failures": 0,
    "start": "2023-03-30T01:21:08.003Z",
    "end": "2023-03-30T01:21:28.121Z",
    "duration": 20118,
    "testsRegistered": 1,
    "passPercent": 100,
    "pendingPercent": 0,
    "other": 0,
    "hasOther": false,
    "skipped": 0,
    "hasSkipped": false
  },
  "results": [
    {
      "uuid": "f0d22506-6cd5-4d13-b23d-7a5d4aa073d0",
      "title": "",
      "fullFile": "cypress/integration/alura-busca.spec.js",
      "file": "cypress/integration/alura-busca.spec.js",
      "beforeHooks": [],
      "afterHooks": [],
      "tests": [],
      "suites": [
        {
          "uuid": "d2e6c1cb-f155-4a3b-a236-662a5b2f4f08",
          "title": "alura busca cursos",
          "fullFile": "",
          "file": "",
          "beforeHooks": [],
          "afterHooks": [],
          "tests": [
            {
              "title": "buscar curso de java",
              "fullTitle": "alura busca cursos buscar curso de java",
              "timedOut": null,
              "duration": 17385,
              "state": "passed",
              "speed": "slow",
              "pass": true,
              "fail": false,
              "pending": false,
              "context": null,
              "code": "cy.get('#header-barraBusca-form-campoBusca').type('java');\ncy.get('.header-barraBusca-form-submit').click();\ncy.get('h4.busca-resultado-nome').should('contain', 'Formação Aprenda a programar em Java com Orientação a Objetos');",
              "err": {},
              "uuid": "ae66bbf3-b313-49d6-a541-3ac2fba9a92f",
              "parentUUID": "d2e6c1cb-f155-4a3b-a236-662a5b2f4f08",
              "isHook": false,
              "skipped": false
            }
          ],
          "suites": [],
          "passes": [
            "ae66bbf3-b313-49d6-a541-3ac2fba9a92f"
          ],
          "failures": [],
          "pending": [],
          "skipped": [],
          "duration": 17385,
          "root": false,
          "rootEmpty": false,
          "_timeout": 2000
        }
      ],
      "passes": [],
      "failures": [],
      "pending": [],
      "skipped": [],
      "duration": 0,
      "root": true,
      "rootEmpty": true,
      "_timeout": 2000
    }
  ],
  "meta": {
    "mocha": {
      "version": "7.0.1"
    },
    "mochawesome": {
      "options": {
        "quiet": false,
        "reportFilename": "mochawesome",
        "saveHtml": true,
        "saveJson": true,
        "consoleReporter": "spec",
        "useInlineDiffs": false,
        "code": true
      },
      "version": "7.1.3"
    },
    "marge": {
      "options": {
        "reportDir": "cypress/report/mochawesome-report",
        "overwrite": true,
        "html": true,
        "json": true,
        "timestamp": "mmddyyyy_HHMMss"
      },
      "version": "6.2.0"
    }
  }
}