{
  "stats": {
    "suites": 1,
    "tests": 1,
    "passes": 1,
    "pending": 0,
    "failures": 0,
    "start": "2023-03-30T01:45:39.159Z",
    "end": "2023-03-30T01:45:57.288Z",
    "duration": 18129,
    "testsRegistered": 1,
    "passPercent": 100,
    "pendingPercent": 0,
    "other": 0,
    "hasOther": false,
    "skipped": 0,
    "hasSkipped": false
  },
  "results": [
    {
      "uuid": "c1445676-7226-462d-8dcf-230985a3ae09",
      "title": "",
      "fullFile": "cypress/integration/alura-busca.spec.js",
      "file": "cypress/integration/alura-busca.spec.js",
      "beforeHooks": [],
      "afterHooks": [],
      "tests": [],
      "suites": [
        {
          "uuid": "4682c89c-daed-4809-b48e-78fc63b55c4a",
          "title": "alura busca cursos",
          "fullFile": "",
          "file": "",
          "beforeHooks": [],
          "afterHooks": [],
          "tests": [
            {
              "title": "buscar curso de java",
              "fullTitle": "alura busca cursos buscar curso de java",
              "timedOut": null,
              "duration": 15449,
              "state": "passed",
              "speed": "slow",
              "pass": true,
              "fail": false,
              "pending": false,
              "context": null,
              "code": "cy.get('#header-barraBusca-form-campoBusca').type('java');\ncy.get('.header-barraBusca-form-submit').click();\ncy.get('h4.busca-resultado-nome').should('contain', 'Formação Aprenda a programar em Java com Orientação a Objetos');",
              "err": {},
              "uuid": "3c89d9f8-bdd5-4b7e-9e8e-e1a42c6b7370",
              "parentUUID": "4682c89c-daed-4809-b48e-78fc63b55c4a",
              "isHook": false,
              "skipped": false
            }
          ],
          "suites": [],
          "passes": [
            "3c89d9f8-bdd5-4b7e-9e8e-e1a42c6b7370"
          ],
          "failures": [],
          "pending": [],
          "skipped": [],
          "duration": 15449,
          "root": false,
          "rootEmpty": false,
          "_timeout": 2000
        }
      ],
      "passes": [],
      "failures": [],
      "pending": [],
      "skipped": [],
      "duration": 0,
      "root": true,
      "rootEmpty": true,
      "_timeout": 2000
    }
  ],
  "meta": {
    "mocha": {
      "version": "7.0.1"
    },
    "mochawesome": {
      "options": {
        "quiet": false,
        "reportFilename": "mochawesome",
        "saveHtml": true,
        "saveJson": true,
        "consoleReporter": "spec",
        "useInlineDiffs": false,
        "code": true
      },
      "version": "7.1.3"
    },
    "marge": {
      "options": {
        "reportDir": "cypress/report/mochawesome-report",
        "overwrite": true,
        "html": true,
        "json": true,
        "timestamp": "mmddyyyy_HHMMss"
      },
      "version": "6.2.0"
    }
  }
}