{
  "stats": {
    "suites": 1,
    "tests": 1,
    "passes": 1,
    "pending": 0,
    "failures": 0,
    "start": "2023-03-30T16:30:07.430Z",
    "end": "2023-03-30T16:30:26.213Z",
    "duration": 18783,
    "testsRegistered": 1,
    "passPercent": 100,
    "pendingPercent": 0,
    "other": 0,
    "hasOther": false,
    "skipped": 0,
    "hasSkipped": false
  },
  "results": [
    {
      "uuid": "9e613acc-f2d4-4230-8b1a-f898884d2992",
      "title": "",
      "fullFile": "cypress/integration/ALURABUSCA/alura-busca.spec.js",
      "file": "cypress/integration/ALURABUSCA/alura-busca.spec.js",
      "beforeHooks": [],
      "afterHooks": [],
      "tests": [],
      "suites": [
        {
          "uuid": "96913385-6d1d-4a42-89c4-2fa7b5a398a2",
          "title": "alura busca cursos",
          "fullFile": "",
          "file": "",
          "beforeHooks": [],
          "afterHooks": [],
          "tests": [
            {
              "title": "buscar curso de java",
              "fullTitle": "alura busca cursos buscar curso de java",
              "timedOut": null,
              "duration": 16143,
              "state": "passed",
              "speed": "slow",
              "pass": true,
              "fail": false,
              "pending": false,
              "context": null,
              "code": "cy.get('#header-barraBusca-form-campoBusca').type('java');\ncy.get('.header-barraBusca-form-submit').click();\ncy.get('h4.busca-resultado-nome').should('contain', 'Formação Aprenda a programar em Java com Orientação a Objetos');",
              "err": {},
              "uuid": "fc508eb6-b78a-44f0-b7d2-64da03fe95fe",
              "parentUUID": "96913385-6d1d-4a42-89c4-2fa7b5a398a2",
              "isHook": false,
              "skipped": false
            }
          ],
          "suites": [],
          "passes": [
            "fc508eb6-b78a-44f0-b7d2-64da03fe95fe"
          ],
          "failures": [],
          "pending": [],
          "skipped": [],
          "duration": 16143,
          "root": false,
          "rootEmpty": false,
          "_timeout": 2000
        }
      ],
      "passes": [],
      "failures": [],
      "pending": [],
      "skipped": [],
      "duration": 0,
      "root": true,
      "rootEmpty": true,
      "_timeout": 2000
    }
  ],
  "meta": {
    "mocha": {
      "version": "7.0.1"
    },
    "mochawesome": {
      "options": {
        "quiet": false,
        "reportFilename": "mochawesome",
        "saveHtml": true,
        "saveJson": true,
        "consoleReporter": "spec",
        "useInlineDiffs": false,
        "code": true
      },
      "version": "7.1.3"
    },
    "marge": {
      "options": {
        "reportDir": "cypress/report/mochawesome-report",
        "overwrite": true,
        "html": true,
        "json": true,
        "timestamp": "mmddyyyy_HHMMss"
      },
      "version": "6.2.0"
    }
  }
}