{
  "stats": {
    "suites": 1,
    "tests": 7,
    "passes": 7,
    "pending": 0,
    "failures": 0,
    "start": "2023-03-30T16:30:34.146Z",
    "end": "2023-03-30T16:30:50.177Z",
    "duration": 16031,
    "testsRegistered": 7,
    "passPercent": 100,
    "pendingPercent": 0,
    "other": 0,
    "hasOther": false,
    "skipped": 0,
    "hasSkipped": false
  },
  "results": [
    {
      "uuid": "a13b4f41-e807-48b7-983e-3852aa479910",
      "title": "",
      "fullFile": "cypress/integration/ALURAPIC/alurapic.spec.js",
      "file": "cypress/integration/ALURAPIC/alurapic.spec.js",
      "beforeHooks": [],
      "afterHooks": [],
      "tests": [],
      "suites": [
        {
          "uuid": "57df3e0f-4484-4d93-9161-b0d600d186d3",
          "title": "Login e registro de usarios alura pic",
          "fullFile": "",
          "file": "",
          "beforeHooks": [],
          "afterHooks": [],
          "tests": [
            {
              "title": "verifica mensagens de validação",
              "fullTitle": "Login e registro de usarios alura pic verifica mensagens de validação",
              "timedOut": null,
              "duration": 2667,
              "state": "passed",
              "speed": "fast",
              "pass": true,
              "fail": false,
              "pending": false,
              "context": null,
              "code": "cy.contains('a', 'Register now').click();\ncy.contains('button', 'Register').click();\ncy.contains('ap-vmessage', 'Email is required!').should('be.visible');\ncy.contains('button', 'Register').click();\ncy.contains('ap-vmessage', 'Full name is required!').should('be.visible');\ncy.contains('ap-vmessage', 'User name is required!').should('be.visible');\ncy.contains('ap-vmessage', 'Password is required!').should('be.visible');",
              "err": {},
              "uuid": "6c6386cc-f67b-48d2-ab4f-caec65814f50",
              "parentUUID": "57df3e0f-4484-4d93-9161-b0d600d186d3",
              "isHook": false,
              "skipped": false
            },
            {
              "title": "verifica mensagens de email invalido",
              "fullTitle": "Login e registro de usarios alura pic verifica mensagens de email invalido",
              "timedOut": null,
              "duration": 1460,
              "state": "passed",
              "speed": "fast",
              "pass": true,
              "fail": false,
              "pending": false,
              "context": null,
              "code": "cy.contains('a', 'Register now').click();\ncy.contains('button', 'Register').click();\ncy.get('input[formcontrolname=\"email\"]').type('jacqueline');\ncy.contains('ap-vmessage', 'Invalid e-mail').should('be.visible');",
              "err": {},
              "uuid": "07949880-21b2-48af-9823-d901c4be3e44",
              "parentUUID": "57df3e0f-4484-4d93-9161-b0d600d186d3",
              "isHook": false,
              "skipped": false
            },
            {
              "title": "verifica mensagens de senha com menos de 8 caracteres ",
              "fullTitle": "Login e registro de usarios alura pic verifica mensagens de senha com menos de 8 caracteres ",
              "timedOut": null,
              "duration": 1472,
              "state": "passed",
              "speed": "fast",
              "pass": true,
              "fail": false,
              "pending": false,
              "context": null,
              "code": "cy.contains('a', 'Register now').click();\ncy.contains('button', 'Register').click();\ncy.get('input[formcontrolname=\"password\"]').type('123');\ncy.contains('button', 'Register').click();\ncy.contains('ap-vmessage', 'Mininum length is 8').should('be.visible');",
              "err": {},
              "uuid": "3ba28850-366a-4d25-b712-4dbdd30a52f4",
              "parentUUID": "57df3e0f-4484-4d93-9161-b0d600d186d3",
              "isHook": false,
              "skipped": false
            },
            {
              "title": "verifica mensagens de nome de usuario com menos de 2 caracteres",
              "fullTitle": "Login e registro de usarios alura pic verifica mensagens de nome de usuario com menos de 2 caracteres",
              "timedOut": null,
              "duration": 1726,
              "state": "passed",
              "speed": "fast",
              "pass": true,
              "fail": false,
              "pending": false,
              "context": null,
              "code": "cy.contains('a', 'Register now').click();\ncy.contains('button', 'Register').click();\ncy.get('input[formcontrolname=\"userName\"]').type('a');\ncy.contains('button', 'Register').click();\ncy.contains('ap-vmessage', 'Mininum length is 2').should('be.visible');",
              "err": {},
              "uuid": "3e97f923-fec8-40bd-963e-83e4e81425bb",
              "parentUUID": "57df3e0f-4484-4d93-9161-b0d600d186d3",
              "isHook": false,
              "skipped": false
            },
            {
              "title": "verifica mensagens de nome de usuario com letra maiuscula",
              "fullTitle": "Login e registro de usarios alura pic verifica mensagens de nome de usuario com letra maiuscula",
              "timedOut": null,
              "duration": 1410,
              "state": "passed",
              "speed": "fast",
              "pass": true,
              "fail": false,
              "pending": false,
              "context": null,
              "code": "cy.contains('a', 'Register now').click();\ncy.contains('button', 'Register').click();\ncy.get('input[formcontrolname=\"userName\"]').type('GABI');\ncy.contains('button', 'Register').click();\ncy.contains('ap-vmessage', 'Must be lower case').should('be.visible');",
              "err": {},
              "uuid": "b0e9919f-4647-4c09-8f93-f7154c83b3f7",
              "parentUUID": "57df3e0f-4484-4d93-9161-b0d600d186d3",
              "isHook": false,
              "skipped": false
            },
            {
              "title": "fazer login de usuario valido",
              "fullTitle": "Login e registro de usarios alura pic fazer login de usuario valido",
              "timedOut": null,
              "duration": 3121,
              "state": "passed",
              "speed": "fast",
              "pass": true,
              "fail": false,
              "pending": false,
              "context": null,
              "code": "cy.get('input[formcontrolname=\"userName\"]').type('flavio');\ncy.get('input[formcontrolname=\"password\"]').type('123');\ncy.get('button[type=\"submit\"]').click();\ncy.contains('a', '(Logout)').should('be.visible');",
              "err": {},
              "uuid": "bbcc7e06-ad8b-42b8-a314-dde3238c18ac",
              "parentUUID": "57df3e0f-4484-4d93-9161-b0d600d186d3",
              "isHook": false,
              "skipped": false
            },
            {
              "title": "fazer login de usuario invalido",
              "fullTitle": "Login e registro de usarios alura pic fazer login de usuario invalido",
              "timedOut": null,
              "duration": 1391,
              "state": "passed",
              "speed": "fast",
              "pass": true,
              "fail": false,
              "pending": false,
              "context": null,
              "code": "cy.get('input[formcontrolname=\"userName\"]').type('jacqueline');\ncy.get('input[formcontrolname=\"password\"]').type('1234');\ncy.get('button[type=\"submit\"]').click();\ncy.on('window:alert', str => {\n  expect(str).to.equal('Invalid user name or password');\n});",
              "err": {},
              "uuid": "ae517ea8-a614-494a-89cc-78175b042b43",
              "parentUUID": "57df3e0f-4484-4d93-9161-b0d600d186d3",
              "isHook": false,
              "skipped": false
            }
          ],
          "suites": [],
          "passes": [
            "6c6386cc-f67b-48d2-ab4f-caec65814f50",
            "07949880-21b2-48af-9823-d901c4be3e44",
            "3ba28850-366a-4d25-b712-4dbdd30a52f4",
            "3e97f923-fec8-40bd-963e-83e4e81425bb",
            "b0e9919f-4647-4c09-8f93-f7154c83b3f7",
            "bbcc7e06-ad8b-42b8-a314-dde3238c18ac",
            "ae517ea8-a614-494a-89cc-78175b042b43"
          ],
          "failures": [],
          "pending": [],
          "skipped": [],
          "duration": 13247,
          "root": false,
          "rootEmpty": false,
          "_timeout": 2000
        }
      ],
      "passes": [],
      "failures": [],
      "pending": [],
      "skipped": [],
      "duration": 0,
      "root": true,
      "rootEmpty": true,
      "_timeout": 2000
    }
  ],
  "meta": {
    "mocha": {
      "version": "7.0.1"
    },
    "mochawesome": {
      "options": {
        "quiet": false,
        "reportFilename": "mochawesome",
        "saveHtml": true,
        "saveJson": true,
        "consoleReporter": "spec",
        "useInlineDiffs": false,
        "code": true
      },
      "version": "7.1.3"
    },
    "marge": {
      "options": {
        "reportDir": "cypress/report/mochawesome-report",
        "overwrite": true,
        "html": true,
        "json": true,
        "timestamp": "mmddyyyy_HHMMss"
      },
      "version": "6.2.0"
    }
  }
}