{
  "stats": {
    "suites": 1,
    "tests": 3,
    "passes": 3,
    "pending": 0,
    "failures": 0,
    "start": "2023-03-30T01:21:37.154Z",
    "end": "2023-03-30T01:21:45.680Z",
    "duration": 8526,
    "testsRegistered": 3,
    "passPercent": 100,
    "pendingPercent": 0,
    "other": 0,
    "hasOther": false,
    "skipped": 0,
    "hasSkipped": false
  },
  "results": [
    {
      "uuid": "a13fa54a-8d3b-4c9c-88fa-66e8a961e33d",
      "title": "",
      "fullFile": "cypress/integration/alurapic.spec.js",
      "file": "cypress/integration/alurapic.spec.js",
      "beforeHooks": [],
      "afterHooks": [],
      "tests": [],
      "suites": [
        {
          "uuid": "4bda83b9-a936-450d-99b0-c164408376a9",
          "title": "Login e registro de usarios alura pic",
          "fullFile": "",
          "file": "",
          "beforeHooks": [],
          "afterHooks": [],
          "tests": [
            {
              "title": "verifica mensagens de validação",
              "fullTitle": "Login e registro de usarios alura pic verifica mensagens de validação",
              "timedOut": null,
              "duration": 2666,
              "state": "passed",
              "speed": "fast",
              "pass": true,
              "fail": false,
              "pending": false,
              "context": null,
              "code": "cy.contains('a', 'Register now').click();\ncy.contains('button', 'Register').click();\ncy.contains('ap-vmessage', 'Email is required!').should('be.visible');\ncy.contains('button', 'Register').click();\ncy.contains('ap-vmessage', 'Full name is required!').should('be.visible');\ncy.contains('ap-vmessage', 'User name is required!').should('be.visible');\ncy.contains('ap-vmessage', 'Password is required!').should('be.visible');",
              "err": {},
              "uuid": "a6eb9ba1-fc4d-4d0b-8d86-df8c67976c46",
              "parentUUID": "4bda83b9-a936-450d-99b0-c164408376a9",
              "isHook": false,
              "skipped": false
            },
            {
              "title": "verifica mensagens de email invalido",
              "fullTitle": "Login e registro de usarios alura pic verifica mensagens de email invalido",
              "timedOut": null,
              "duration": 1475,
              "state": "passed",
              "speed": "fast",
              "pass": true,
              "fail": false,
              "pending": false,
              "context": null,
              "code": "cy.contains('a', 'Register now').click();\ncy.contains('button', 'Register').click();\ncy.get('input[formcontrolname=\"email\"]').type('jacqueline');\ncy.contains('ap-vmessage', 'Invalid e-mail').should('be.visible');",
              "err": {},
              "uuid": "ba683805-8ec2-4ec2-9d46-b1b6ccbad6d2",
              "parentUUID": "4bda83b9-a936-450d-99b0-c164408376a9",
              "isHook": false,
              "skipped": false
            },
            {
              "title": "verifica mensagens de senha com menos de 8 caracteres ",
              "fullTitle": "Login e registro de usarios alura pic verifica mensagens de senha com menos de 8 caracteres ",
              "timedOut": null,
              "duration": 1473,
              "state": "passed",
              "speed": "fast",
              "pass": true,
              "fail": false,
              "pending": false,
              "context": null,
              "code": "cy.contains('a', 'Register now').click();\ncy.contains('button', 'Register').click();\ncy.get('input[formcontrolname=\"password\"]').type('123');\ncy.contains('button', 'Register').click();\ncy.contains('ap-vmessage', 'Mininum length is 8').should('be.visible');",
              "err": {},
              "uuid": "dea4eddf-105d-405f-b024-2aa898d6692e",
              "parentUUID": "4bda83b9-a936-450d-99b0-c164408376a9",
              "isHook": false,
              "skipped": false
            }
          ],
          "suites": [],
          "passes": [
            "a6eb9ba1-fc4d-4d0b-8d86-df8c67976c46",
            "ba683805-8ec2-4ec2-9d46-b1b6ccbad6d2",
            "dea4eddf-105d-405f-b024-2aa898d6692e"
          ],
          "failures": [],
          "pending": [],
          "skipped": [],
          "duration": 5614,
          "root": false,
          "rootEmpty": false,
          "_timeout": 2000
        }
      ],
      "passes": [],
      "failures": [],
      "pending": [],
      "skipped": [],
      "duration": 0,
      "root": true,
      "rootEmpty": true,
      "_timeout": 2000
    }
  ],
  "meta": {
    "mocha": {
      "version": "7.0.1"
    },
    "mochawesome": {
      "options": {
        "quiet": false,
        "reportFilename": "mochawesome",
        "saveHtml": true,
        "saveJson": true,
        "consoleReporter": "spec",
        "useInlineDiffs": false,
        "code": true
      },
      "version": "7.1.3"
    },
    "marge": {
      "options": {
        "reportDir": "cypress/report/mochawesome-report",
        "overwrite": true,
        "html": true,
        "json": true,
        "timestamp": "mmddyyyy_HHMMss"
      },
      "version": "6.2.0"
    }
  }
}